# JRE version: OpenJDK Runtime Environment Temurin-21.0.10+7 (21.0.10+7) (build 21.0.10+7-LTS)
# Java VM: OpenJDK 64-Bit Server VM Temurin-21.0.10+7 (21.0.10+7-LTS, mixed mode, sharing, tiered, compressed oops, compressed class ptrs, parallel gc, windows-amd64)
GC Precious Log:
 CardTable entry size: 512
 CPUs: 8 total, 8 available
 Memory: 16122M
 Large Page Support: Disabled
 NUMA Support: Disabled
 Compressed Oops: Enabled (32-bit)
 Alignments: Space 512K, Generation 512K, Heap 2M
 Heap Min Capacity: 100M
 Heap Initial Capacity: 100M
 Heap Max Capacity: 2G
 Pre-touch: Disabled
 Parallel Workers: 8
Heap:
 PSYoungGen      total 7680K, used 7279K [0x00000000d5580000, 0x00000000d6080000, 0x0000000100000000)
  eden space 4096K, 100% used [0x00000000d5580000,0x00000000d5980000,0x00000000d5980000)
  from space 3584K, 88% used [0x00000000d5980000,0x00000000d5c9bd08,0x00000000d5d00000)
  to   space 3584K, 100% used [0x00000000d5d00000,0x00000000d6080000,0x00000000d6080000)
 ParOldGen       total 1233408K, used 1233406K [0x0000000080000000, 0x00000000cb480000, 0x00000000d5580000)
  object space 1233408K, 99% used [0x0000000080000000,0x00000000cb47f8c8,0x00000000cb480000)
 Metaspace       used 80114K, committed 81792K, reserved 1179648K
  class space    used 9710K, committed 10432K, reserved 1048576K
GC Heap History (20 events):
Event: 288.239 GC heap after
{Heap after GC invocations=4471 (full 4):
 PSYoungGen      total 2048K, used 608K [0x00000000d5580000, 0x00000000d5a80000, 0x0000000100000000)
  eden space 1024K, 0% used [0x00000000d5580000,0x00000000d5580000,0x00000000d5680000)
  from space 1024K, 59% used [0x00000000d5980000,0x00000000d5a18000,0x00000000d5a80000)
  to   space 1024K, 0% used [0x00000000d5880000,0x00000000d5880000,0x00000000d5980000)
 ParOldGen       total 1218560K, used 1218377K [0x0000000080000000, 0x00000000ca600000, 0x00000000d5580000)
  object space 1218560K, 99% used [0x0000000080000000,0x00000000ca5d2778,0x00000000ca600000)
 Metaspace       used 80114K, committed 81792K, reserved 1179648K
  class space    used 9710K, committed 10432K, reserved 1048576K
}
Event: 288.248 GC heap before
{Heap before GC invocations=4472 (full 4):
 PSYoungGen      total 2048K, used 1632K [0x00000000d5580000, 0x00000000d5a80000, 0x0000000100000000)
  eden space 1024K, 100% used [0x00000000d5580000,0x00000000d5680000,0x00000000d5680000)
  from space 1024K, 59% used [0x00000000d5980000,0x00000000d5a18000,0x00000000d5a80000)
  to   space 1024K, 0% used [0x00000000d5880000,0x00000000d5880000,0x00000000d5980000)
 ParOldGen       total 1218560K, used 1218377K [0x0000000080000000, 0x00000000ca600000, 0x00000000d5580000)
  object space 1218560K, 99% used [0x0000000080000000,0x00000000ca5d2778,0x00000000ca600000)
 Metaspace       used 80114K, committed 81792K, reserved 1179648K
  class space    used 9710K, committed 10432K, reserved 1048576K
}
Event: 288.253 GC heap after
{Heap after GC invocations=4472 (full 4):
 PSYoungGen      total 2560K, used 1024K [0x00000000d5580000, 0x00000000d5b00000, 0x0000000100000000)
  eden space 1536K, 0% used [0x00000000d5580000,0x00000000d5580000,0x00000000d5700000)
  from space 1024K, 100% used [0x00000000d5880000,0x00000000d5980000,0x00000000d5980000)
  to   space 1536K, 0% used [0x00000000d5980000,0x00000000d5980000,0x00000000d5b00000)
 ParOldGen       total 1219072K, used 1218905K [0x0000000080000000, 0x00000000ca680000, 0x00000000d5580000)
  object space 1219072K, 99% used [0x0000000080000000,0x00000000ca656778,0x00000000ca680000)
 Metaspace       used 80114K, committed 81792K, reserved 1179648K
  class space    used 9710K, committed 10432K, reserved 1048576K
}
Event: 288.260 GC heap before
{Heap before GC invocations=4473 (full 4):
 PSYoungGen      total 2560K, used 2560K [0x00000000d5580000, 0x00000000d5b00000, 0x0000000100000000)
  eden space 1536K, 100% used [0x00000000d5580000,0x00000000d5700000,0x00000000d5700000)
  from space 1024K, 100% used [0x00000000d5880000,0x00000000d5980000,0x00000000d5980000)
  to   space 1536K, 0% used [0x00000000d5980000,0x00000000d5980000,0x00000000d5b00000)
 ParOldGen       total 1219072K, used 1218905K [0x0000000080000000, 0x00000000ca680000, 0x00000000d5580000)
  object space 1219072K, 99% used [0x0000000080000000,0x00000000ca656778,0x00000000ca680000)
 Metaspace       used 80114K, committed 81792K, reserved 1179648K
  class space    used 9710K, committed 10432K, reserved 1048576K
}
Event: 288.266 GC heap after
{Heap after GC invocations=4473 (full 4):
 PSYoungGen      total 2560K, used 1536K [0x00000000d5580000, 0x00000000d5d80000, 0x0000000100000000)
  eden space 1024K, 0% used [0x00000000d5580000,0x00000000d5580000,0x00000000d5680000)
  from space 1536K, 100% used [0x00000000d5980000,0x00000000d5b00000,0x00000000d5b00000)
  to   space 3072K, 0% used [0x00000000d5680000,0x00000000d5680000,0x00000000d5980000)
 ParOldGen       total 1220096K, used 1219961K [0x0000000080000000, 0x00000000ca780000, 0x00000000d5580000)
  object space 1220096K, 99% used [0x0000000080000000,0x00000000ca75e778,0x00000000ca780000)
 Metaspace       used 80114K, committed 81792K, reserved 1179648K
  class space    used 9710K, committed 10432K, reserved 1048576K
}
Event: 288.275 GC heap before
{Heap before GC invocations=4474 (full 4):
 PSYoungGen      total 2560K, used 2560K [0x00000000d5580000, 0x00000000d5d80000, 0x0000000100000000)
  eden space 1024K, 100% used [0x00000000d5580000,0x00000000d5680000,0x00000000d5680000)
  from space 1536K, 100% used [0x00000000d5980000,0x00000000d5b00000,0x00000000d5b00000)
  to   space 3072K, 0% used [0x00000000d5680000,0x00000000d5680000,0x00000000d5980000)
 ParOldGen       total 1220096K, used 1219961K [0x0000000080000000, 0x00000000ca780000, 0x00000000d5580000)
  object space 1220096K, 99% used [0x0000000080000000,0x00000000ca75e778,0x00000000ca780000)
 Metaspace       used 80114K, committed 81792K, reserved 1179648K
  class space    used 9710K, committed 10432K, reserved 1048576K
}
Event: 288.279 GC heap after
{Heap after GC invocations=4474 (full 4):
 PSYoungGen      total 2560K, used 1120K [0x00000000d5580000, 0x00000000d5b00000, 0x0000000100000000)
  eden space 1024K, 0% used [0x00000000d5580000,0x00000000d5580000,0x00000000d5680000)
  from space 1536K, 72% used [0x00000000d5680000,0x00000000d5798000,0x00000000d5800000)
  to   space 2048K, 0% used [0x00000000d5900000,0x00000000d5900000,0x00000000d5b00000)
 ParOldGen       total 1221632K, used 1221481K [0x0000000080000000, 0x00000000ca900000, 0x00000000d5580000)
  object space 1221632K, 99% used [0x0000000080000000,0x00000000ca8da778,0x00000000ca900000)
 Metaspace       used 80114K, committed 81792K, reserved 1179648K
  class space    used 9710K, committed 10432K, reserved 1048576K
}
Event: 288.284 GC heap before
{Heap before GC invocations=4475 (full 4):
 PSYoungGen      total 2560K, used 2144K [0x00000000d5580000, 0x00000000d5b00000, 0x0000000100000000)
  eden space 1024K, 100% used [0x00000000d5580000,0x00000000d5680000,0x00000000d5680000)
  from space 1536K, 72% used [0x00000000d5680000,0x00000000d5798000,0x00000000d5800000)
  to   space 2048K, 0% used [0x00000000d5900000,0x00000000d5900000,0x00000000d5b00000)
 ParOldGen       total 1221632K, used 1221481K [0x0000000080000000, 0x00000000ca900000, 0x00000000d5580000)
  object space 1221632K, 99% used [0x0000000080000000,0x00000000ca8da778,0x00000000ca900000)
 Metaspace       used 80114K, committed 81792K, reserved 1179648K
  class space    used 9710K, committed 10432K, reserved 1048576K
}
Event: 288.289 GC heap after
{Heap after GC invocations=4475 (full 4):
 PSYoungGen      total 3072K, used 1120K [0x00000000d5580000, 0x00000000d5a80000, 0x0000000100000000)
  eden space 1536K, 0% used [0x00000000d5580000,0x00000000d5580000,0x00000000d5700000)
  from space 1536K, 72% used [0x00000000d5900000,0x00000000d5a18000,0x00000000d5a80000)
  to   space 1536K, 0% used [0x00000000d5780000,0x00000000d5780000,0x00000000d5900000)
 ParOldGen       total 1222656K, used 1222513K [0x0000000080000000, 0x00000000caa00000, 0x00000000d5580000)
  object space 1222656K, 99% used [0x0000000080000000,0x00000000ca9dc778,0x00000000caa00000)
 Metaspace       used 80114K, committed 81792K, reserved 1179648K
  class space    used 9710K, committed 10432K, reserved 1048576K
}
Event: 288.298 GC heap before
{Heap before GC invocations=4476 (full 4):
 PSYoungGen      total 3072K, used 2656K [0x00000000d5580000, 0x00000000d5a80000, 0x0000000100000000)
  eden space 1536K, 100% used [0x00000000d5580000,0x00000000d5700000,0x00000000d5700000)
  from space 1536K, 72% used [0x00000000d5900000,0x00000000d5a18000,0x00000000d5a80000)
  to   space 1536K, 0% used [0x00000000d5780000,0x00000000d5780000,0x00000000d5900000)
 ParOldGen       total 1222656K, used 1222513K [0x0000000080000000, 0x00000000caa00000, 0x00000000d5580000)
  object space 1222656K, 99% used [0x0000000080000000,0x00000000ca9dc778,0x00000000caa00000)
 Metaspace       used 80114K, committed 81792K, reserved 1179648K
  class space    used 9710K, committed 10432K, reserved 1048576K
}
Event: 289.317 GC heap after
{Heap after GC invocations=4476 (full 4):
 PSYoungGen      total 3584K, used 1536K [0x00000000d5580000, 0x00000000d5d80000, 0x0000000100000000)
  eden space 2048K, 0% used [0x00000000d5580000,0x00000000d5580000,0x00000000d5780000)
  from space 1536K, 100% used [0x00000000d5780000,0x00000000d5900000,0x00000000d5900000)
  to   space 3072K, 0% used [0x00000000d5a80000,0x00000000d5a80000,0x00000000d5d80000)
 ParOldGen       total 1223680K, used 1223577K [0x0000000080000000, 0x00000000cab00000, 0x00000000d5580000)
  object space 1223680K, 99% used [0x0000000080000000,0x00000000caae6778,0x00000000cab00000)
 Metaspace       used 80114K, committed 81792K, reserved 1179648K
  class space    used 9710K, committed 10432K, reserved 1048576K
}
Event: 289.325 GC heap before
{Heap before GC invocations=4477 (full 4):
 PSYoungGen      total 3584K, used 3564K [0x00000000d5580000, 0x00000000d5d80000, 0x0000000100000000)
  eden space 2048K, 99% used [0x00000000d5580000,0x00000000d577b160,0x00000000d5780000)
  from space 1536K, 100% used [0x00000000d5780000,0x00000000d5900000,0x00000000d5900000)
  to   space 3072K, 0% used [0x00000000d5a80000,0x00000000d5a80000,0x00000000d5d80000)
 ParOldGen       total 1223680K, used 1223577K [0x0000000080000000, 0x00000000cab00000, 0x00000000d5580000)
  object space 1223680K, 99% used [0x0000000080000000,0x00000000caae6778,0x00000000cab00000)
 Metaspace       used 80114K, committed 81792K, reserved 1179648K
  class space    used 9710K, committed 10432K, reserved 1048576K
}
Event: 289.329 GC heap after
{Heap after GC invocations=4477 (full 4):
 PSYoungGen      total 5120K, used 2104K [0x00000000d5580000, 0x00000000d5d00000, 0x0000000100000000)
  eden space 2560K, 0% used [0x00000000d5580000,0x00000000d5580000,0x00000000d5800000)
  from space 2560K, 82% used [0x00000000d5a80000,0x00000000d5c8e070,0x00000000d5d00000)
  to   space 2560K, 0% used [0x00000000d5800000,0x00000000d5800000,0x00000000d5a80000)
 ParOldGen       total 1225216K, used 1225105K [0x0000000080000000, 0x00000000cac80000, 0x00000000d5580000)
  object space 1225216K, 99% used [0x0000000080000000,0x00000000cac64778,0x00000000cac80000)
 Metaspace       used 80114K, committed 81792K, reserved 1179648K
  class space    used 9710K, committed 10432K, reserved 1048576K
}
Event: 289.342 GC heap before
{Heap before GC invocations=4478 (full 4):
 PSYoungGen      total 5120K, used 4664K [0x00000000d5580000, 0x00000000d5d00000, 0x0000000100000000)
  eden space 2560K, 100% used [0x00000000d5580000,0x00000000d5800000,0x00000000d5800000)
  from space 2560K, 82% used [0x00000000d5a80000,0x00000000d5c8e070,0x00000000d5d00000)
  to   space 2560K, 0% used [0x00000000d5800000,0x00000000d5800000,0x00000000d5a80000)
 ParOldGen       total 1225216K, used 1225105K [0x0000000080000000, 0x00000000cac80000, 0x00000000d5580000)
  object space 1225216K, 99% used [0x0000000080000000,0x00000000cac64778,0x00000000cac80000)
 Metaspace       used 80114K, committed 81792K, reserved 1179648K
  class space    used 9710K, committed 10432K, reserved 1048576K
}
Event: 289.348 GC heap after
{Heap after GC invocations=4478 (full 4):
 PSYoungGen      total 5120K, used 2546K [0x00000000d5580000, 0x00000000d6280000, 0x0000000100000000)
  eden space 2560K, 0% used [0x00000000d5580000,0x00000000d5580000,0x00000000d5800000)
  from space 2560K, 99% used [0x00000000d5800000,0x00000000d5a7c988,0x00000000d5a80000)
  to   space 5120K, 0% used [0x00000000d5d80000,0x00000000d5d80000,0x00000000d6280000)
 ParOldGen       total 1227264K, used 1227231K [0x0000000080000000, 0x00000000cae80000, 0x00000000d5580000)
  object space 1227264K, 99% used [0x0000000080000000,0x00000000cae77ea8,0x00000000cae80000)
 Metaspace       used 80114K, committed 81792K, reserved 1179648K
  class space    used 9710K, committed 10432K, reserved 1048576K
}
Event: 289.354 GC heap before
{Heap before GC invocations=4479 (full 4):
 PSYoungGen      total 5120K, used 5106K [0x00000000d5580000, 0x00000000d6280000, 0x0000000100000000)
  eden space 2560K, 100% used [0x00000000d5580000,0x00000000d5800000,0x00000000d5800000)
  from space 2560K, 99% used [0x00000000d5800000,0x00000000d5a7c988,0x00000000d5a80000)
  to   space 5120K, 0% used [0x00000000d5d80000,0x00000000d5d80000,0x00000000d6280000)
 ParOldGen       total 1227264K, used 1227231K [0x0000000080000000, 0x00000000cae80000, 0x00000000d5580000)
  object space 1227264K, 99% used [0x0000000080000000,0x00000000cae77ea8,0x00000000cae80000)
 Metaspace       used 80114K, committed 81792K, reserved 1179648K
  class space    used 9710K, committed 10432K, reserved 1048576K
}
Event: 289.360 GC heap after
{Heap after GC invocations=4479 (full 4):
 PSYoungGen      total 6144K, used 2691K [0x00000000d5580000, 0x00000000d6080000, 0x0000000100000000)
  eden space 3072K, 0% used [0x00000000d5580000,0x00000000d5580000,0x00000000d5880000)
  from space 3072K, 87% used [0x00000000d5d80000,0x00000000d6020ca0,0x00000000d6080000)
  to   space 3584K, 0% used [0x00000000d5980000,0x00000000d5980000,0x00000000d5d00000)
 ParOldGen       total 1229312K, used 1229030K [0x0000000080000000, 0x00000000cb080000, 0x00000000d5580000)
  object space 1229312K, 99% used [0x0000000080000000,0x00000000cb039bc0,0x00000000cb080000)
 Metaspace       used 80114K, committed 81792K, reserved 1179648K
  class space    used 9710K, committed 10432K, reserved 1048576K
}
Event: 289.370 GC heap before
{Heap before GC invocations=4480 (full 4):
 PSYoungGen      total 6144K, used 5763K [0x00000000d5580000, 0x00000000d6080000, 0x0000000100000000)
  eden space 3072K, 100% used [0x00000000d5580000,0x00000000d5880000,0x00000000d5880000)
  from space 3072K, 87% used [0x00000000d5d80000,0x00000000d6020ca0,0x00000000d6080000)
  to   space 3584K, 0% used [0x00000000d5980000,0x00000000d5980000,0x00000000d5d00000)
 ParOldGen       total 1229312K, used 1229030K [0x0000000080000000, 0x00000000cb080000, 0x00000000d5580000)
  object space 1229312K, 99% used [0x0000000080000000,0x00000000cb039bc0,0x00000000cb080000)
 Metaspace       used 80114K, committed 81792K, reserved 1179648K
  class space    used 9710K, committed 10432K, reserved 1048576K
}
Event: 289.376 GC heap after
{Heap after GC invocations=4480 (full 4):
 PSYoungGen      total 7680K, used 3183K [0x00000000d5580000, 0x00000000d6080000, 0x0000000100000000)
  eden space 4096K, 0% used [0x00000000d5580000,0x00000000d5580000,0x00000000d5980000)
  from space 3584K, 88% used [0x00000000d5980000,0x00000000d5c9bd08,0x00000000d5d00000)
  to   space 3584K, 0% used [0x00000000d5d00000,0x00000000d5d00000,0x00000000d6080000)
 ParOldGen       total 1230336K, used 1230166K [0x0000000080000000, 0x00000000cb180000, 0x00000000d5580000)
  object space 1230336K, 99% used [0x0000000080000000,0x00000000cb155bc0,0x00000000cb180000)
 Metaspace       used 80114K, committed 81792K, reserved 1179648K
  class space    used 9710K, committed 10432K, reserved 1048576K
}
Event: 289.392 GC heap before
{Heap before GC invocations=4481 (full 4):
 PSYoungGen      total 7680K, used 7279K [0x00000000d5580000, 0x00000000d6080000, 0x0000000100000000)
  eden space 4096K, 100% used [0x00000000d5580000,0x00000000d5980000,0x00000000d5980000)
  from space 3584K, 88% used [0x00000000d5980000,0x00000000d5c9bd08,0x00000000d5d00000)
  to   space 3584K, 0% used [0x00000000d5d00000,0x00000000d5d00000,0x00000000d6080000)
 ParOldGen       total 1230336K, used 1230166K [0x0000000080000000, 0x00000000cb180000, 0x00000000d5580000)
  object space 1230336K, 99% used [0x0000000080000000,0x00000000cb155bc0,0x00000000cb180000)
 Metaspace       used 80114K, committed 81792K, reserved 1179648K
  class space    used 9710K, committed 10432K, reserved 1048576K
}

