# JRE version: OpenJDK Runtime Environment Temurin-21.0.10+7 (21.0.10+7) (build 21.0.10+7-LTS)
# Java VM: OpenJDK 64-Bit Server VM Temurin-21.0.10+7 (21.0.10+7-LTS, mixed mode, sharing, tiered, compressed oops, compressed class ptrs, g1 gc, windows-amd64)
GC Precious Log:
 CardTable entry size: 512
 Card Set container configuration: InlinePtr #cards 5 size 8 Array Of Cards #cards 12 size 40 Howl #buckets 4 coarsen threshold 1843 Howl Bitmap #cards 512 size 80 coarsen threshold 460 Card regions per heap region 1 cards per card region 2048
 CPUs: 8 total, 8 available
 Memory: 16122M
 Large Page Support: Disabled
 NUMA Support: Disabled
 Compressed Oops: Enabled (32-bit)
 Heap Region Size: 1M
 Heap Min Capacity: 8M
 Heap Initial Capacity: 252M
 Heap Max Capacity: 2G
 Pre-touch: Disabled
 Parallel Workers: 8
 Concurrent Workers: 2
 Concurrent Refinement Workers: 8
 Periodic GC: Disabled
Heap:
 garbage-first heap   total 290816K, used 169360K [0x0000000080000000, 0x0000000100000000)
  region size 1024K, 10 young (10240K), 10 survivors (10240K)
 Metaspace       used 149971K, committed 152768K, reserved 622592K
  class space    used 19467K, committed 20800K, reserved 425984K
GC Heap History (20 events):
Event: 37.256 GC heap after
{Heap after GC invocations=59 (full 0):
 garbage-first heap   total 235520K, used 143748K [0x0000000080000000, 0x0000000100000000)
  region size 1024K, 7 young (7168K), 7 survivors (7168K)
 Metaspace       used 135361K, committed 137984K, reserved 557056K
  class space    used 17735K, committed 19008K, reserved 425984K
}
Event: 39.343 GC heap before
{Heap before GC invocations=59 (full 0):
 garbage-first heap   total 235520K, used 204164K [0x0000000080000000, 0x0000000100000000)
  region size 1024K, 66 young (67584K), 7 survivors (7168K)
 Metaspace       used 136925K, committed 139648K, reserved 557056K
  class space    used 17869K, committed 19200K, reserved 425984K
}
Event: 39.358 GC heap after
{Heap after GC invocations=60 (full 0):
 garbage-first heap   total 235520K, used 131265K [0x0000000080000000, 0x0000000100000000)
  region size 1024K, 9 young (9216K), 9 survivors (9216K)
 Metaspace       used 136925K, committed 139648K, reserved 557056K
  class space    used 17869K, committed 19200K, reserved 425984K
}
Event: 40.460 GC heap before
{Heap before GC invocations=60 (full 0):
 garbage-first heap   total 235520K, used 194753K [0x0000000080000000, 0x0000000100000000)
  region size 1024K, 73 young (74752K), 9 survivors (9216K)
 Metaspace       used 141199K, committed 143936K, reserved 557056K
  class space    used 18455K, committed 19776K, reserved 425984K
}
Event: 40.474 GC heap after
{Heap after GC invocations=61 (full 0):
 garbage-first heap   total 235520K, used 136783K [0x0000000080000000, 0x0000000100000000)
  region size 1024K, 5 young (5120K), 5 survivors (5120K)
 Metaspace       used 141199K, committed 143936K, reserved 557056K
  class space    used 18455K, committed 19776K, reserved 425984K
}
Event: 40.964 GC heap before
{Heap before GC invocations=62 (full 0):
 garbage-first heap   total 239616K, used 221775K [0x0000000080000000, 0x0000000100000000)
  region size 1024K, 73 young (74752K), 5 survivors (5120K)
 Metaspace       used 141240K, committed 144000K, reserved 557056K
  class space    used 18455K, committed 19776K, reserved 425984K
}
Event: 40.982 GC heap after
{Heap after GC invocations=63 (full 0):
 garbage-first heap   total 247808K, used 164065K [0x0000000080000000, 0x0000000100000000)
  region size 1024K, 10 young (10240K), 10 survivors (10240K)
 Metaspace       used 141240K, committed 144000K, reserved 557056K
  class space    used 18455K, committed 19776K, reserved 425984K
}
Event: 41.464 GC heap before
{Heap before GC invocations=63 (full 0):
 garbage-first heap   total 247808K, used 217313K [0x0000000080000000, 0x0000000100000000)
  region size 1024K, 62 young (63488K), 10 survivors (10240K)
 Metaspace       used 141272K, committed 144000K, reserved 557056K
  class space    used 18455K, committed 19776K, reserved 425984K
}
Event: 41.478 GC heap after
{Heap after GC invocations=64 (full 0):
 garbage-first heap   total 247808K, used 161190K [0x0000000080000000, 0x0000000100000000)
  region size 1024K, 6 young (6144K), 6 survivors (6144K)
 Metaspace       used 141272K, committed 144000K, reserved 557056K
  class space    used 18455K, committed 19776K, reserved 425984K
}
Event: 42.925 GC heap before
{Heap before GC invocations=64 (full 0):
 garbage-first heap   total 247808K, used 217510K [0x0000000080000000, 0x0000000100000000)
  region size 1024K, 62 young (63488K), 6 survivors (6144K)
 Metaspace       used 143457K, committed 146240K, reserved 557056K
  class space    used 18709K, committed 20032K, reserved 425984K
}
Event: 42.934 GC heap after
{Heap after GC invocations=65 (full 0):
 garbage-first heap   total 247808K, used 170346K [0x0000000080000000, 0x0000000100000000)
  region size 1024K, 8 young (8192K), 8 survivors (8192K)
 Metaspace       used 143457K, committed 146240K, reserved 557056K
  class space    used 18709K, committed 20032K, reserved 425984K
}
Event: 44.376 GC heap before
{Heap before GC invocations=66 (full 0):
 garbage-first heap   total 281600K, used 220522K [0x0000000080000000, 0x0000000100000000)
  region size 1024K, 59 young (60416K), 8 survivors (8192K)
 Metaspace       used 144324K, committed 147072K, reserved 557056K
  class space    used 18806K, committed 20160K, reserved 425984K
}
Event: 44.387 GC heap after
{Heap after GC invocations=67 (full 0):
 garbage-first heap   total 281600K, used 176380K [0x0000000080000000, 0x0000000100000000)
  region size 1024K, 8 young (8192K), 8 survivors (8192K)
 Metaspace       used 144324K, committed 147072K, reserved 557056K
  class space    used 18806K, committed 20160K, reserved 425984K
}
Event: 44.967 GC heap before
{Heap before GC invocations=67 (full 0):
 garbage-first heap   total 281600K, used 249084K [0x0000000080000000, 0x0000000100000000)
  region size 1024K, 78 young (79872K), 8 survivors (8192K)
 Metaspace       used 144415K, committed 147200K, reserved 557056K
  class space    used 18806K, committed 20160K, reserved 425984K
}
Event: 44.978 GC heap after
{Heap after GC invocations=68 (full 0):
 garbage-first heap   total 281600K, used 166122K [0x0000000080000000, 0x0000000100000000)
  region size 1024K, 9 young (9216K), 9 survivors (9216K)
 Metaspace       used 144415K, committed 147200K, reserved 557056K
  class space    used 18806K, committed 20160K, reserved 425984K
}
Event: 45.820 GC heap before
{Heap before GC invocations=68 (full 0):
 garbage-first heap   total 281600K, used 218346K [0x0000000080000000, 0x0000000100000000)
  region size 1024K, 61 young (62464K), 9 survivors (9216K)
 Metaspace       used 144815K, committed 147584K, reserved 557056K
  class space    used 18815K, committed 20160K, reserved 425984K
}
Event: 45.829 GC heap after
{Heap after GC invocations=69 (full 0):
 garbage-first heap   total 281600K, used 175386K [0x0000000080000000, 0x0000000100000000)
  region size 1024K, 9 young (9216K), 9 survivors (9216K)
 Metaspace       used 144815K, committed 147584K, reserved 557056K
  class space    used 18815K, committed 20160K, reserved 425984K
}
Event: 46.241 GC heap before
{Heap before GC invocations=70 (full 0):
 garbage-first heap   total 290816K, used 245018K [0x0000000080000000, 0x0000000100000000)
  region size 1024K, 79 young (80896K), 9 survivors (9216K)
 Metaspace       used 144916K, committed 147648K, reserved 557056K
  class space    used 18815K, committed 20160K, reserved 425984K
}
Event: 46.253 GC heap after
{Heap after GC invocations=71 (full 0):
 garbage-first heap   total 290816K, used 180869K [0x0000000080000000, 0x0000000100000000)
  region size 1024K, 9 young (9216K), 9 survivors (9216K)
 Metaspace       used 144916K, committed 147648K, reserved 557056K
  class space    used 18815K, committed 20160K, reserved 425984K
}
Event: 51.499 GC heap before
{Heap before GC invocations=71 (full 0):
 garbage-first heap   total 290816K, used 255621K [0x0000000080000000, 0x0000000100000000)
  region size 1024K, 83 young (84992K), 9 survivors (9216K)
 Metaspace       used 149971K, committed 152768K, reserved 622592K
  class space    used 19467K, committed 20800K, reserved 425984K
}

