# JRE version: OpenJDK Runtime Environment Temurin-21.0.10+7 (21.0.10+7) (build 21.0.10+7-LTS)
# Java VM: OpenJDK 64-Bit Server VM Temurin-21.0.10+7 (21.0.10+7-LTS, mixed mode, sharing, tiered, compressed oops, compressed class ptrs, g1 gc, windows-amd64)
GC Precious Log:
 CardTable entry size: 512
 Card Set container configuration: InlinePtr #cards 5 size 8 Array Of Cards #cards 12 size 40 Howl #buckets 4 coarsen threshold 1843 Howl Bitmap #cards 512 size 80 coarsen threshold 460 Card regions per heap region 1 cards per card region 2048
 CPUs: 8 total, 8 available
 Memory: 16122M
 Large Page Support: Disabled
 NUMA Support: Disabled
 Compressed Oops: Enabled (32-bit)
 Heap Region Size: 1M
 Heap Min Capacity: 256M
 Heap Initial Capacity: 256M
 Heap Max Capacity: 512M
 Pre-touch: Disabled
 Parallel Workers: 8
 Concurrent Workers: 2
 Concurrent Refinement Workers: 8
 Periodic GC: Disabled
Heap:
 garbage-first heap   total 367616K, used 291840K [0x00000000e0000000, 0x0000000100000000)
  region size 1024K, 157 young (160768K), 23 survivors (23552K)
 Metaspace       used 97215K, committed 99392K, reserved 458752K
  class space    used 13367K, committed 14400K, reserved 327680K
GC Heap History (20 events):
Event: 87.498 GC heap before
{Heap before GC invocations=114 (full 0):
 garbage-first heap   total 326656K, used 305108K [0x00000000e0000000, 0x0000000100000000)
  region size 1024K, 139 young (142336K), 7 survivors (7168K)
 Metaspace       used 69937K, committed 71680K, reserved 393216K
  class space    used 9424K, committed 10304K, reserved 327680K
}
Event: 87.513 GC heap after
{Heap after GC invocations=115 (full 0):
 garbage-first heap   total 329728K, used 186531K [0x00000000e0000000, 0x0000000100000000)
  region size 1024K, 18 young (18432K), 18 survivors (18432K)
 Metaspace       used 69937K, committed 71680K, reserved 393216K
  class space    used 9424K, committed 10304K, reserved 327680K
}
Event: 87.735 GC heap before
{Heap before GC invocations=115 (full 0):
 garbage-first heap   total 329728K, used 303267K [0x00000000e0000000, 0x0000000100000000)
  region size 1024K, 132 young (135168K), 18 survivors (18432K)
 Metaspace       used 69950K, committed 71680K, reserved 393216K
  class space    used 9424K, committed 10304K, reserved 327680K
}
Event: 87.753 GC heap after
{Heap after GC invocations=116 (full 0):
 garbage-first heap   total 336896K, used 166557K [0x00000000e0000000, 0x0000000100000000)
  region size 1024K, 7 young (7168K), 7 survivors (7168K)
 Metaspace       used 69950K, committed 71680K, reserved 393216K
  class space    used 9424K, committed 10304K, reserved 327680K
}
Event: 88.060 GC heap before
{Heap before GC invocations=116 (full 0):
 garbage-first heap   total 336896K, used 309917K [0x00000000e0000000, 0x0000000100000000)
  region size 1024K, 147 young (150528K), 7 survivors (7168K)
 Metaspace       used 69953K, committed 71680K, reserved 393216K
  class space    used 9424K, committed 10304K, reserved 327680K
}
Event: 88.071 GC heap after
{Heap after GC invocations=117 (full 0):
 garbage-first heap   total 336896K, used 154911K [0x00000000e0000000, 0x0000000100000000)
  region size 1024K, 7 young (7168K), 7 survivors (7168K)
 Metaspace       used 69953K, committed 71680K, reserved 393216K
  class space    used 9424K, committed 10304K, reserved 327680K
}
Event: 88.537 GC heap before
{Heap before GC invocations=117 (full 0):
 garbage-first heap   total 336896K, used 313631K [0x00000000e0000000, 0x0000000100000000)
  region size 1024K, 163 young (166912K), 7 survivors (7168K)
 Metaspace       used 69955K, committed 71680K, reserved 393216K
  class space    used 9424K, committed 10304K, reserved 327680K
}
Event: 88.543 GC heap after
{Heap after GC invocations=118 (full 0):
 garbage-first heap   total 336896K, used 159066K [0x00000000e0000000, 0x0000000100000000)
  region size 1024K, 11 young (11264K), 11 survivors (11264K)
 Metaspace       used 69955K, committed 71680K, reserved 393216K
  class space    used 9424K, committed 10304K, reserved 327680K
}
Event: 89.011 GC heap before
{Heap before GC invocations=119 (full 0):
 garbage-first heap   total 336896K, used 314714K [0x00000000e0000000, 0x0000000100000000)
  region size 1024K, 165 young (168960K), 11 survivors (11264K)
 Metaspace       used 69837K, committed 71680K, reserved 393216K
  class space    used 9395K, committed 10304K, reserved 327680K
}
Event: 89.020 GC heap after
{Heap after GC invocations=120 (full 0):
 garbage-first heap   total 336896K, used 161702K [0x00000000e0000000, 0x0000000100000000)
  region size 1024K, 14 young (14336K), 14 survivors (14336K)
 Metaspace       used 69837K, committed 71680K, reserved 393216K
  class space    used 9395K, committed 10304K, reserved 327680K
}
Event: 89.680 GC heap before
{Heap before GC invocations=120 (full 0):
 garbage-first heap   total 336896K, used 318374K [0x00000000e0000000, 0x0000000100000000)
  region size 1024K, 167 young (171008K), 14 survivors (14336K)
 Metaspace       used 69864K, committed 71680K, reserved 393216K
  class space    used 9397K, committed 10304K, reserved 327680K
}
Event: 89.701 GC heap after
{Heap after GC invocations=121 (full 0):
 garbage-first heap   total 340992K, used 133783K [0x00000000e0000000, 0x0000000100000000)
  region size 1024K, 10 young (10240K), 10 survivors (10240K)
 Metaspace       used 69864K, committed 71680K, reserved 393216K
  class space    used 9397K, committed 10304K, reserved 327680K
}
Event: 92.469 GC heap before
{Heap before GC invocations=121 (full 0):
 garbage-first heap   total 340992K, used 320151K [0x00000000e0000000, 0x0000000100000000)
  region size 1024K, 192 young (196608K), 10 survivors (10240K)
 Metaspace       used 71643K, committed 73472K, reserved 393216K
  class space    used 9662K, committed 10560K, reserved 327680K
}
Event: 92.478 GC heap after
{Heap after GC invocations=122 (full 0):
 garbage-first heap   total 340992K, used 134013K [0x00000000e0000000, 0x0000000100000000)
  region size 1024K, 12 young (12288K), 12 survivors (12288K)
 Metaspace       used 71643K, committed 73472K, reserved 393216K
  class space    used 9662K, committed 10560K, reserved 327680K
}
Event: 92.725 GC heap before
{Heap before GC invocations=122 (full 0):
 garbage-first heap   total 340992K, used 144253K [0x00000000e0000000, 0x0000000100000000)
  region size 1024K, 23 young (23552K), 12 survivors (12288K)
 Metaspace       used 72482K, committed 74304K, reserved 393216K
  class space    used 9824K, committed 10688K, reserved 327680K
}
Event: 92.732 GC heap after
{Heap after GC invocations=123 (full 0):
 garbage-first heap   total 340992K, used 134812K [0x00000000e0000000, 0x0000000100000000)
  region size 1024K, 13 young (13312K), 13 survivors (13312K)
 Metaspace       used 72482K, committed 74304K, reserved 393216K
  class space    used 9824K, committed 10688K, reserved 327680K
}
Event: 95.315 GC heap before
{Heap before GC invocations=124 (full 0):
 garbage-first heap   total 340992K, used 327324K [0x00000000e0000000, 0x0000000100000000)
  region size 1024K, 194 young (198656K), 13 survivors (13312K)
 Metaspace       used 85427K, committed 87488K, reserved 458752K
  class space    used 11571K, committed 12544K, reserved 327680K
}
Event: 95.332 GC heap after
{Heap after GC invocations=125 (full 0):
 garbage-first heap   total 355328K, used 149737K [0x00000000e0000000, 0x0000000100000000)
  region size 1024K, 25 young (25600K), 25 survivors (25600K)
 Metaspace       used 85427K, committed 87488K, reserved 458752K
  class space    used 11571K, committed 12544K, reserved 327680K
}
Event: 98.754 GC heap before
{Heap before GC invocations=125 (full 0):
 garbage-first heap   total 355328K, used 328937K [0x00000000e0000000, 0x0000000100000000)
  region size 1024K, 200 young (204800K), 25 survivors (25600K)
 Metaspace       used 96826K, committed 98944K, reserved 458752K
  class space    used 13328K, committed 14336K, reserved 327680K
}
Event: 99.780 GC heap after
{Heap after GC invocations=126 (full 0):
 garbage-first heap   total 367616K, used 156672K [0x00000000e0000000, 0x0000000100000000)
  region size 1024K, 23 young (23552K), 23 survivors (23552K)
 Metaspace       used 96826K, committed 98944K, reserved 458752K
  class space    used 13328K, committed 14336K, reserved 327680K
}

