# JRE version: OpenJDK Runtime Environment Temurin-21.0.10+7 (21.0.10+7) (build 21.0.10+7-LTS)
# Java VM: OpenJDK 64-Bit Server VM Temurin-21.0.10+7 (21.0.10+7-LTS, mixed mode, sharing, tiered, compressed oops, compressed class ptrs, g1 gc, windows-amd64)
GC Precious Log:
 CardTable entry size: 512
 Card Set container configuration: InlinePtr #cards 5 size 8 Array Of Cards #cards 12 size 40 Howl #buckets 4 coarsen threshold 1843 Howl Bitmap #cards 512 size 80 coarsen threshold 460 Card regions per heap region 1 cards per card region 2048
 CPUs: 8 total, 8 available
 Memory: 16122M
 Large Page Support: Disabled
 NUMA Support: Disabled
 Compressed Oops: Enabled (32-bit)
 Heap Region Size: 1M
 Heap Min Capacity: 8M
 Heap Initial Capacity: 252M
 Heap Max Capacity: 2G
 Pre-touch: Disabled
 Parallel Workers: 8
 Concurrent Workers: 2
 Concurrent Refinement Workers: 8
 Periodic GC: Disabled
Heap:
 garbage-first heap   total 242688K, used 196431K [0x0000000080000000, 0x0000000100000000)
  region size 1024K, 58 young (59392K), 7 survivors (7168K)
 Metaspace       used 141046K, committed 143680K, reserved 557056K
  class space    used 18440K, committed 19776K, reserved 425984K
GC Heap History (20 events):
Event: 38.418 GC heap before
{Heap before GC invocations=48 (full 0):
 garbage-first heap   total 209920K, used 167216K [0x0000000080000000, 0x0000000100000000)
  region size 1024K, 51 young (52224K), 9 survivors (9216K)
 Metaspace       used 124894K, committed 127360K, reserved 557056K
  class space    used 16445K, committed 17664K, reserved 425984K
}
Event: 38.431 GC heap after
{Heap after GC invocations=49 (full 0):
 garbage-first heap   total 209920K, used 132361K [0x0000000080000000, 0x0000000100000000)
  region size 1024K, 6 young (6144K), 6 survivors (6144K)
 Metaspace       used 124894K, committed 127360K, reserved 557056K
  class space    used 16445K, committed 17664K, reserved 425984K
}
Event: 39.307 GC heap before
{Heap before GC invocations=50 (full 0):
 garbage-first heap   total 222208K, used 190729K [0x0000000080000000, 0x0000000100000000)
  region size 1024K, 59 young (60416K), 6 survivors (6144K)
 Metaspace       used 124990K, committed 127424K, reserved 557056K
  class space    used 16445K, committed 17664K, reserved 425984K
}
Event: 39.316 GC heap after
{Heap after GC invocations=51 (full 0):
 garbage-first heap   total 222208K, used 141312K [0x0000000080000000, 0x0000000100000000)
  region size 1024K, 8 young (8192K), 8 survivors (8192K)
 Metaspace       used 124990K, committed 127424K, reserved 557056K
  class space    used 16445K, committed 17664K, reserved 425984K
}
Event: 40.667 GC heap before
{Heap before GC invocations=51 (full 0):
 garbage-first heap   total 222208K, used 197632K [0x0000000080000000, 0x0000000100000000)
  region size 1024K, 63 young (64512K), 8 survivors (8192K)
 Metaspace       used 125591K, committed 128000K, reserved 557056K
  class space    used 16491K, committed 17664K, reserved 425984K
}
Event: 40.681 GC heap after
{Heap after GC invocations=52 (full 0):
 garbage-first heap   total 222208K, used 131042K [0x0000000080000000, 0x0000000100000000)
  region size 1024K, 8 young (8192K), 8 survivors (8192K)
 Metaspace       used 125591K, committed 128000K, reserved 557056K
  class space    used 16491K, committed 17664K, reserved 425984K
}
Event: 40.856 GC heap before
{Heap before GC invocations=52 (full 0):
 garbage-first heap   total 222208K, used 151522K [0x0000000080000000, 0x0000000100000000)
  region size 1024K, 29 young (29696K), 8 survivors (8192K)
 Metaspace       used 125660K, committed 128128K, reserved 557056K
  class space    used 16491K, committed 17664K, reserved 425984K
}
Event: 40.870 GC heap after
{Heap after GC invocations=53 (full 0):
 garbage-first heap   total 222208K, used 135521K [0x0000000080000000, 0x0000000100000000)
  region size 1024K, 5 young (5120K), 5 survivors (5120K)
 Metaspace       used 125660K, committed 128128K, reserved 557056K
  class space    used 16491K, committed 17664K, reserved 425984K
}
Event: 41.793 GC heap before
{Heap before GC invocations=54 (full 0):
 garbage-first heap   total 229376K, used 201057K [0x0000000080000000, 0x0000000100000000)
  region size 1024K, 65 young (66560K), 5 survivors (5120K)
 Metaspace       used 126252K, committed 128768K, reserved 557056K
  class space    used 16555K, committed 17792K, reserved 425984K
}
Event: 41.800 GC heap after
{Heap after GC invocations=55 (full 0):
 garbage-first heap   total 229376K, used 143916K [0x0000000080000000, 0x0000000100000000)
  region size 1024K, 9 young (9216K), 9 survivors (9216K)
 Metaspace       used 126252K, committed 128768K, reserved 557056K
  class space    used 16555K, committed 17792K, reserved 425984K
}
Event: 43.250 GC heap before
{Heap before GC invocations=55 (full 0):
 garbage-first heap   total 229376K, used 204332K [0x0000000080000000, 0x0000000100000000)
  region size 1024K, 69 young (70656K), 9 survivors (9216K)
 Metaspace       used 131492K, committed 134080K, reserved 557056K
  class space    used 17249K, committed 18496K, reserved 425984K
}
Event: 43.259 GC heap after
{Heap after GC invocations=56 (full 0):
 garbage-first heap   total 229376K, used 136571K [0x0000000080000000, 0x0000000100000000)
  region size 1024K, 4 young (4096K), 4 survivors (4096K)
 Metaspace       used 131492K, committed 134080K, reserved 557056K
  class space    used 17249K, committed 18496K, reserved 425984K
}
Event: 44.532 GC heap before
{Heap before GC invocations=56 (full 0):
 garbage-first heap   total 229376K, used 204155K [0x0000000080000000, 0x0000000100000000)
  region size 1024K, 70 young (71680K), 4 survivors (4096K)
 Metaspace       used 136494K, committed 139072K, reserved 557056K
  class space    used 18053K, committed 19328K, reserved 425984K
}
Event: 44.542 GC heap after
{Heap after GC invocations=57 (full 0):
 garbage-first heap   total 229376K, used 138687K [0x0000000080000000, 0x0000000100000000)
  region size 1024K, 6 young (6144K), 6 survivors (6144K)
 Metaspace       used 136494K, committed 139072K, reserved 557056K
  class space    used 18053K, committed 19328K, reserved 425984K
}
Event: 45.202 GC heap before
{Heap before GC invocations=58 (full 0):
 garbage-first heap   total 229376K, used 205055K [0x0000000080000000, 0x0000000100000000)
  region size 1024K, 73 young (74752K), 6 survivors (6144K)
 Metaspace       used 136752K, committed 139456K, reserved 557056K
  class space    used 18076K, committed 19392K, reserved 425984K
}
Event: 45.212 GC heap after
{Heap after GC invocations=59 (full 0):
 garbage-first heap   total 229376K, used 144614K [0x0000000080000000, 0x0000000100000000)
  region size 1024K, 10 young (10240K), 10 survivors (10240K)
 Metaspace       used 136752K, committed 139456K, reserved 557056K
  class space    used 18076K, committed 19392K, reserved 425984K
}
Event: 50.440 GC heap before
{Heap before GC invocations=59 (full 0):
 garbage-first heap   total 229376K, used 208102K [0x0000000080000000, 0x0000000100000000)
  region size 1024K, 72 young (73728K), 10 survivors (10240K)
 Metaspace       used 138501K, committed 141184K, reserved 557056K
  class space    used 18218K, committed 19520K, reserved 425984K
}
Event: 50.475 GC heap after
{Heap after GC invocations=60 (full 0):
 garbage-first heap   total 234496K, used 137015K [0x0000000080000000, 0x0000000100000000)
  region size 1024K, 9 young (9216K), 9 survivors (9216K)
 Metaspace       used 138501K, committed 141184K, reserved 557056K
  class space    used 18218K, committed 19520K, reserved 425984K
}
Event: 53.246 GC heap before
{Heap before GC invocations=60 (full 0):
 garbage-first heap   total 234496K, used 195383K [0x0000000080000000, 0x0000000100000000)
  region size 1024K, 67 young (68608K), 9 survivors (9216K)
 Metaspace       used 140952K, committed 143616K, reserved 557056K
  class space    used 18440K, committed 19776K, reserved 425984K
}
Event: 53.263 GC heap after
{Heap after GC invocations=61 (full 0):
 garbage-first heap   total 234496K, used 144207K [0x0000000080000000, 0x0000000100000000)
  region size 1024K, 7 young (7168K), 7 survivors (7168K)
 Metaspace       used 140952K, committed 143616K, reserved 557056K
  class space    used 18440K, committed 19776K, reserved 425984K
}

