# JRE version: OpenJDK Runtime Environment Temurin-21.0.10+7 (21.0.10+7) (build 21.0.10+7-LTS)
# Java VM: OpenJDK 64-Bit Server VM Temurin-21.0.10+7 (21.0.10+7-LTS, mixed mode, sharing, tiered, compressed oops, compressed class ptrs, g1 gc, windows-amd64)
GC Precious Log:
 CardTable entry size: 512
 Card Set container configuration: InlinePtr #cards 5 size 8 Array Of Cards #cards 12 size 40 Howl #buckets 4 coarsen threshold 1843 Howl Bitmap #cards 512 size 80 coarsen threshold 460 Card regions per heap region 1 cards per card region 2048
 CPUs: 8 total, 8 available
 Memory: 16122M
 Large Page Support: Disabled
 NUMA Support: Disabled
 Compressed Oops: Enabled (32-bit)
 Heap Region Size: 1M
 Heap Min Capacity: 256M
 Heap Initial Capacity: 256M
 Heap Max Capacity: 512M
 Pre-touch: Disabled
 Parallel Workers: 8
 Concurrent Workers: 2
 Concurrent Refinement Workers: 8
 Periodic GC: Disabled
Heap:
 garbage-first heap   total 281600K, used 181233K [0x00000000e0000000, 0x0000000100000000)
  region size 1024K, 36 young (36864K), 6 survivors (6144K)
 Metaspace       used 162459K, committed 165184K, reserved 524288K
  class space    used 20899K, committed 22272K, reserved 327680K
GC Heap History (20 events):
Event: 76.152 GC heap before
{Heap before GC invocations=103 (full 0):
 garbage-first heap   total 265216K, used 254771K [0x00000000e0000000, 0x0000000100000000)
  region size 1024K, 134 young (137216K), 2 survivors (2048K)
 Metaspace       used 143334K, committed 145728K, reserved 458752K
  class space    used 18898K, committed 20096K, reserved 327680K
}
Event: 76.158 GC heap after
{Heap after GC invocations=104 (full 0):
 garbage-first heap   total 265216K, used 126724K [0x00000000e0000000, 0x0000000100000000)
  region size 1024K, 8 young (8192K), 8 survivors (8192K)
 Metaspace       used 143334K, committed 145728K, reserved 458752K
  class space    used 18898K, committed 20096K, reserved 327680K
}
Event: 77.525 GC heap before
{Heap before GC invocations=104 (full 0):
 garbage-first heap   total 265216K, used 250628K [0x00000000e0000000, 0x0000000100000000)
  region size 1024K, 128 young (131072K), 8 survivors (8192K)
 Metaspace       used 144950K, committed 147328K, reserved 458752K
  class space    used 19014K, committed 20160K, reserved 327680K
}
Event: 77.545 GC heap after
{Heap after GC invocations=105 (full 0):
 garbage-first heap   total 278528K, used 143453K [0x00000000e0000000, 0x0000000100000000)
  region size 1024K, 16 young (16384K), 16 survivors (16384K)
 Metaspace       used 144950K, committed 147328K, reserved 458752K
  class space    used 19014K, committed 20160K, reserved 327680K
}
Event: 80.439 GC heap before
{Heap before GC invocations=105 (full 0):
 garbage-first heap   total 278528K, used 255069K [0x00000000e0000000, 0x0000000100000000)
  region size 1024K, 126 young (129024K), 16 survivors (16384K)
 Metaspace       used 149448K, committed 151872K, reserved 524288K
  class space    used 19485K, committed 20672K, reserved 327680K
}
Event: 80.454 GC heap after
{Heap after GC invocations=106 (full 0):
 garbage-first heap   total 281600K, used 151909K [0x00000000e0000000, 0x0000000100000000)
  region size 1024K, 7 young (7168K), 7 survivors (7168K)
 Metaspace       used 149448K, committed 151872K, reserved 524288K
  class space    used 19485K, committed 20672K, reserved 327680K
}
Event: 82.758 GC heap before
{Heap before GC invocations=107 (full 0):
 garbage-first heap   total 281600K, used 259429K [0x00000000e0000000, 0x0000000100000000)
  region size 1024K, 113 young (115712K), 7 survivors (7168K)
 Metaspace       used 149710K, committed 152128K, reserved 524288K
  class space    used 19487K, committed 20672K, reserved 327680K
}
Event: 82.765 GC heap after
{Heap after GC invocations=108 (full 0):
 garbage-first heap   total 281600K, used 152866K [0x00000000e0000000, 0x0000000100000000)
  region size 1024K, 8 young (8192K), 8 survivors (8192K)
 Metaspace       used 149710K, committed 152128K, reserved 524288K
  class space    used 19487K, committed 20672K, reserved 327680K
}
Event: 84.574 GC heap before
{Heap before GC invocations=108 (full 0):
 garbage-first heap   total 281600K, used 264482K [0x00000000e0000000, 0x0000000100000000)
  region size 1024K, 116 young (118784K), 8 survivors (8192K)
 Metaspace       used 150669K, committed 153152K, reserved 524288K
  class space    used 19507K, committed 20736K, reserved 327680K
}
Event: 84.580 GC heap after
{Heap after GC invocations=109 (full 0):
 garbage-first heap   total 281600K, used 151048K [0x00000000e0000000, 0x0000000100000000)
  region size 1024K, 7 young (7168K), 7 survivors (7168K)
 Metaspace       used 150669K, committed 153152K, reserved 524288K
  class space    used 19507K, committed 20736K, reserved 327680K
}
Event: 84.880 GC heap before
{Heap before GC invocations=109 (full 0):
 garbage-first heap   total 281600K, used 174600K [0x00000000e0000000, 0x0000000100000000)
  region size 1024K, 31 young (31744K), 7 survivors (7168K)
 Metaspace       used 150823K, committed 153344K, reserved 524288K
  class space    used 19514K, committed 20736K, reserved 327680K
}
Event: 84.892 GC heap after
{Heap after GC invocations=110 (full 0):
 garbage-first heap   total 281600K, used 155813K [0x00000000e0000000, 0x0000000100000000)
  region size 1024K, 11 young (11264K), 11 survivors (11264K)
 Metaspace       used 150823K, committed 153344K, reserved 524288K
  class space    used 19514K, committed 20736K, reserved 327680K
}
Event: 87.121 GC heap before
{Heap before GC invocations=111 (full 0):
 garbage-first heap   total 281600K, used 259237K [0x00000000e0000000, 0x0000000100000000)
  region size 1024K, 111 young (113664K), 11 survivors (11264K)
 Metaspace       used 152133K, committed 154624K, reserved 524288K
  class space    used 19599K, committed 20800K, reserved 327680K
}
Event: 87.131 GC heap after
{Heap after GC invocations=112 (full 0):
 garbage-first heap   total 281600K, used 145552K [0x00000000e0000000, 0x0000000100000000)
  region size 1024K, 3 young (3072K), 3 survivors (3072K)
 Metaspace       used 152133K, committed 154624K, reserved 524288K
  class space    used 19599K, committed 20800K, reserved 327680K
}
Event: 93.343 GC heap before
{Heap before GC invocations=112 (full 0):
 garbage-first heap   total 281600K, used 258192K [0x00000000e0000000, 0x0000000100000000)
  region size 1024K, 114 young (116736K), 3 survivors (3072K)
 Metaspace       used 154949K, committed 157632K, reserved 524288K
  class space    used 20045K, committed 21376K, reserved 327680K
}
Event: 93.351 GC heap after
{Heap after GC invocations=113 (full 0):
 garbage-first heap   total 281600K, used 153641K [0x00000000e0000000, 0x0000000100000000)
  region size 1024K, 12 young (12288K), 12 survivors (12288K)
 Metaspace       used 154949K, committed 157632K, reserved 524288K
  class space    used 20045K, committed 21376K, reserved 327680K
}
Event: 106.043 GC heap before
{Heap before GC invocations=113 (full 0):
 garbage-first heap   total 281600K, used 258089K [0x00000000e0000000, 0x0000000100000000)
  region size 1024K, 115 young (117760K), 12 survivors (12288K)
 Metaspace       used 155975K, committed 158592K, reserved 524288K
  class space    used 20055K, committed 21376K, reserved 327680K
}
Event: 106.053 GC heap after
{Heap after GC invocations=114 (full 0):
 garbage-first heap   total 281600K, used 158268K [0x00000000e0000000, 0x0000000100000000)
  region size 1024K, 8 young (8192K), 8 survivors (8192K)
 Metaspace       used 155975K, committed 158592K, reserved 524288K
  class space    used 20055K, committed 21376K, reserved 327680K
}
Event: 113.144 GC heap before
{Heap before GC invocations=115 (full 0):
 garbage-first heap   total 281600K, used 253500K [0x00000000e0000000, 0x0000000100000000)
  region size 1024K, 106 young (108544K), 8 survivors (8192K)
 Metaspace       used 160803K, committed 163520K, reserved 524288K
  class space    used 20677K, committed 22016K, reserved 327680K
}
Event: 113.151 GC heap after
{Heap after GC invocations=116 (full 0):
 garbage-first heap   total 281600K, used 151537K [0x00000000e0000000, 0x0000000100000000)
  region size 1024K, 6 young (6144K), 6 survivors (6144K)
 Metaspace       used 160803K, committed 163520K, reserved 524288K
  class space    used 20677K, committed 22016K, reserved 327680K
}

