# JRE version: OpenJDK Runtime Environment Temurin-21.0.10+7 (21.0.10+7) (build 21.0.10+7-LTS)
# Java VM: OpenJDK 64-Bit Server VM Temurin-21.0.10+7 (21.0.10+7-LTS, mixed mode, sharing, tiered, compressed oops, compressed class ptrs, g1 gc, windows-amd64)
GC Precious Log:
 CardTable entry size: 512
 Card Set container configuration: InlinePtr #cards 5 size 8 Array Of Cards #cards 12 size 40 Howl #buckets 4 coarsen threshold 1843 Howl Bitmap #cards 512 size 80 coarsen threshold 460 Card regions per heap region 1 cards per card region 2048
 CPUs: 8 total, 8 available
 Memory: 16122M
 Large Page Support: Disabled
 NUMA Support: Disabled
 Compressed Oops: Enabled (32-bit)
 Heap Region Size: 1M
 Heap Min Capacity: 256M
 Heap Initial Capacity: 256M
 Heap Max Capacity: 512M
 Pre-touch: Disabled
 Parallel Workers: 8
 Concurrent Workers: 2
 Concurrent Refinement Workers: 8
 Periodic GC: Disabled
Heap:
 garbage-first heap   total 262144K, used 181467K [0x00000000e0000000, 0x0000000100000000)
  region size 1024K, 65 young (66560K), 9 survivors (9216K)
 Metaspace       used 152681K, committed 155264K, reserved 524288K
  class space    used 20080K, committed 21376K, reserved 327680K
GC Heap History (20 events):
Event: 19.732 GC heap before
{Heap before GC invocations=12 (full 0):
 garbage-first heap   total 262144K, used 108215K [0x00000000e0000000, 0x0000000100000000)
  region size 1024K, 42 young (43008K), 20 survivors (20480K)
 Metaspace       used 99757K, committed 101696K, reserved 458752K
  class space    used 14022K, committed 14976K, reserved 327680K
}
Event: 19.744 GC heap after
{Heap after GC invocations=13 (full 0):
 garbage-first heap   total 262144K, used 91340K [0x00000000e0000000, 0x0000000100000000)
  region size 1024K, 4 young (4096K), 4 survivors (4096K)
 Metaspace       used 99757K, committed 101696K, reserved 458752K
  class space    used 14022K, committed 14976K, reserved 327680K
}
Event: 21.994 GC heap before
{Heap before GC invocations=14 (full 0):
 garbage-first heap   total 262144K, used 231628K [0x00000000e0000000, 0x0000000100000000)
  region size 1024K, 140 young (143360K), 4 survivors (4096K)
 Metaspace       used 113260K, committed 115520K, reserved 458752K
  class space    used 15629K, committed 16704K, reserved 327680K
}
Event: 22.000 GC heap after
{Heap after GC invocations=15 (full 0):
 garbage-first heap   total 262144K, used 99028K [0x00000000e0000000, 0x0000000100000000)
  region size 1024K, 11 young (11264K), 11 survivors (11264K)
 Metaspace       used 113260K, committed 115520K, reserved 458752K
  class space    used 15629K, committed 16704K, reserved 327680K
}
Event: 24.595 GC heap before
{Heap before GC invocations=15 (full 0):
 garbage-first heap   total 262144K, used 232148K [0x00000000e0000000, 0x0000000100000000)
  region size 1024K, 141 young (144384K), 11 survivors (11264K)
 Metaspace       used 124194K, committed 126528K, reserved 458752K
  class space    used 16741K, committed 17920K, reserved 327680K
}
Event: 24.610 GC heap after
{Heap after GC invocations=16 (full 0):
 garbage-first heap   total 262144K, used 109568K [0x00000000e0000000, 0x0000000100000000)
  region size 1024K, 18 young (18432K), 18 survivors (18432K)
 Metaspace       used 124194K, committed 126528K, reserved 458752K
  class space    used 16741K, committed 17920K, reserved 327680K
}
Event: 27.149 GC heap before
{Heap before GC invocations=16 (full 0):
 garbage-first heap   total 262144K, used 231424K [0x00000000e0000000, 0x0000000100000000)
  region size 1024K, 138 young (141312K), 18 survivors (18432K)
 Metaspace       used 140752K, committed 143168K, reserved 458752K
  class space    used 18455K, committed 19648K, reserved 327680K
}
Event: 27.161 GC heap after
{Heap after GC invocations=17 (full 0):
 garbage-first heap   total 262144K, used 114734K [0x00000000e0000000, 0x0000000100000000)
  region size 1024K, 5 young (5120K), 5 survivors (5120K)
 Metaspace       used 140752K, committed 143168K, reserved 458752K
  class space    used 18455K, committed 19648K, reserved 327680K
}
Event: 29.091 GC heap before
{Heap before GC invocations=17 (full 0):
 garbage-first heap   total 262144K, used 236590K [0x00000000e0000000, 0x0000000100000000)
  region size 1024K, 124 young (126976K), 5 survivors (5120K)
 Metaspace       used 147613K, committed 150144K, reserved 458752K
  class space    used 19558K, committed 20800K, reserved 327680K
}
Event: 29.102 GC heap after
{Heap after GC invocations=18 (full 0):
 garbage-first heap   total 262144K, used 115673K [0x00000000e0000000, 0x0000000100000000)
  region size 1024K, 13 young (13312K), 13 survivors (13312K)
 Metaspace       used 147613K, committed 150144K, reserved 458752K
  class space    used 19558K, committed 20800K, reserved 327680K
}
Event: 29.624 GC heap before
{Heap before GC invocations=18 (full 0):
 garbage-first heap   total 262144K, used 235481K [0x00000000e0000000, 0x0000000100000000)
  region size 1024K, 130 young (133120K), 13 survivors (13312K)
 Metaspace       used 147675K, committed 150144K, reserved 458752K
  class space    used 19558K, committed 20800K, reserved 327680K
}
Event: 29.643 GC heap after
{Heap after GC invocations=19 (full 0):
 garbage-first heap   total 262144K, used 118503K [0x00000000e0000000, 0x0000000100000000)
  region size 1024K, 12 young (12288K), 12 survivors (12288K)
 Metaspace       used 147675K, committed 150144K, reserved 458752K
  class space    used 19558K, committed 20800K, reserved 327680K
}
Event: 29.933 GC heap before
{Heap before GC invocations=19 (full 0):
 garbage-first heap   total 262144K, used 240359K [0x00000000e0000000, 0x0000000100000000)
  region size 1024K, 131 young (134144K), 12 survivors (12288K)
 Metaspace       used 147734K, committed 150208K, reserved 458752K
  class space    used 19559K, committed 20800K, reserved 327680K
}
Event: 29.949 GC heap after
{Heap after GC invocations=20 (full 0):
 garbage-first heap   total 262144K, used 121218K [0x00000000e0000000, 0x0000000100000000)
  region size 1024K, 6 young (6144K), 6 survivors (6144K)
 Metaspace       used 147734K, committed 150208K, reserved 458752K
  class space    used 19559K, committed 20800K, reserved 327680K
}
Event: 31.973 GC heap before
{Heap before GC invocations=20 (full 0):
 garbage-first heap   total 262144K, used 243074K [0x00000000e0000000, 0x0000000100000000)
  region size 1024K, 125 young (128000K), 6 survivors (6144K)
 Metaspace       used 151182K, committed 153664K, reserved 524288K
  class space    used 19947K, committed 21184K, reserved 327680K
}
Event: 31.980 GC heap after
{Heap after GC invocations=21 (full 0):
 garbage-first heap   total 262144K, used 125964K [0x00000000e0000000, 0x0000000100000000)
  region size 1024K, 11 young (11264K), 11 survivors (11264K)
 Metaspace       used 151182K, committed 153664K, reserved 524288K
  class space    used 19947K, committed 21184K, reserved 327680K
}
Event: 32.643 GC heap before
{Heap before GC invocations=21 (full 0):
 garbage-first heap   total 262144K, used 243724K [0x00000000e0000000, 0x0000000100000000)
  region size 1024K, 126 young (129024K), 11 survivors (11264K)
 Metaspace       used 151415K, committed 153920K, reserved 524288K
  class space    used 19961K, committed 21184K, reserved 327680K
}
Event: 32.651 GC heap after
{Heap after GC invocations=22 (full 0):
 garbage-first heap   total 262144K, used 126037K [0x00000000e0000000, 0x0000000100000000)
  region size 1024K, 8 young (8192K), 8 survivors (8192K)
 Metaspace       used 151415K, committed 153920K, reserved 524288K
  class space    used 19961K, committed 21184K, reserved 327680K
}
Event: 68.588 GC heap before
{Heap before GC invocations=22 (full 0):
 garbage-first heap   total 262144K, used 246869K [0x00000000e0000000, 0x0000000100000000)
  region size 1024K, 126 young (129024K), 8 survivors (8192K)
 Metaspace       used 151754K, committed 154240K, reserved 524288K
  class space    used 19985K, committed 21184K, reserved 327680K
}
Event: 68.595 GC heap after
{Heap after GC invocations=23 (full 0):
 garbage-first heap   total 262144K, used 127195K [0x00000000e0000000, 0x0000000100000000)
  region size 1024K, 9 young (9216K), 9 survivors (9216K)
 Metaspace       used 151754K, committed 154240K, reserved 524288K
  class space    used 19985K, committed 21184K, reserved 327680K
}

